c:\users\krish\source\repos\consoleapplication9\consoleapplication9\debug\consoleapplication9.pch
c:\users\krish\source\repos\consoleapplication9\consoleapplication9\debug\vc141.pdb
c:\users\krish\source\repos\consoleapplication9\consoleapplication9\debug\vc141.idb
c:\users\krish\source\repos\consoleapplication9\consoleapplication9\debug\stdafx.obj
c:\users\krish\source\repos\consoleapplication9\consoleapplication9\debug\square.obj
c:\users\krish\source\repos\consoleapplication9\consoleapplication9\debug\rook.obj
c:\users\krish\source\repos\consoleapplication9\consoleapplication9\debug\queen.obj
c:\users\krish\source\repos\consoleapplication9\consoleapplication9\debug\piece.obj
c:\users\krish\source\repos\consoleapplication9\consoleapplication9\debug\pawn.obj
c:\users\krish\source\repos\consoleapplication9\consoleapplication9\debug\knight.obj
c:\users\krish\source\repos\consoleapplication9\consoleapplication9\debug\king.obj
c:\users\krish\source\repos\consoleapplication9\consoleapplication9\debug\consoleapplication9.obj
c:\users\krish\source\repos\consoleapplication9\consoleapplication9\debug\board.obj
c:\users\krish\source\repos\consoleapplication9\consoleapplication9\debug\bishop.obj
c:\users\krish\source\repos\consoleapplication9\debug\consoleapplication9.exe
c:\users\krish\source\repos\consoleapplication9\debug\consoleapplication9.ilk
c:\users\krish\source\repos\consoleapplication9\debug\consoleapplication9.pdb
c:\users\krish\source\repos\consoleapplication9\consoleapplication9\debug\consolea.1358f116.tlog\cl.command.1.tlog
c:\users\krish\source\repos\consoleapplication9\consoleapplication9\debug\consolea.1358f116.tlog\cl.read.1.tlog
c:\users\krish\source\repos\consoleapplication9\consoleapplication9\debug\consolea.1358f116.tlog\cl.write.1.tlog
c:\users\krish\source\repos\consoleapplication9\consoleapplication9\debug\consolea.1358f116.tlog\link.command.1.tlog
c:\users\krish\source\repos\consoleapplication9\consoleapplication9\debug\consolea.1358f116.tlog\link.read.1.tlog
c:\users\krish\source\repos\consoleapplication9\consoleapplication9\debug\consolea.1358f116.tlog\link.write.1.tlog
